{"/Users/menachi/Documents/web_class/SA_2023B/app.js": {"path":"/Users/menachi/Documents/web_class/SA_2023B/app.js","statementMap":{"0":{"start":{"line":1,"column":12},"end":{"line":1,"column":38}},"1":{"start":{"line":2,"column":16},"end":{"line":2,"column":34}},"2":{"start":{"line":3,"column":17},"end":{"line":3,"column":36}},"3":{"start":{"line":4,"column":19},"end":{"line":4,"column":41}},"4":{"start":{"line":6,"column":16},"end":{"line":23,"column":1}},"5":{"start":{"line":7,"column":18},"end":{"line":21,"column":4}},"6":{"start":{"line":8,"column":15},"end":{"line":8,"column":34}},"7":{"start":{"line":9,"column":4},"end":{"line":9,"column":64}},"8":{"start":{"line":9,"column":26},"end":{"line":9,"column":62}},"9":{"start":{"line":10,"column":4},"end":{"line":10,"column":52}},"10":{"start":{"line":10,"column":30},"end":{"line":10,"column":50}},"11":{"start":{"line":11,"column":4},"end":{"line":20,"column":7}},"12":{"start":{"line":12,"column":18},"end":{"line":12,"column":27}},"13":{"start":{"line":14,"column":6},"end":{"line":14,"column":33}},"14":{"start":{"line":15,"column":6},"end":{"line":15,"column":57}},"15":{"start":{"line":17,"column":27},"end":{"line":17,"column":60}},"16":{"start":{"line":18,"column":6},"end":{"line":18,"column":40}},"17":{"start":{"line":19,"column":6},"end":{"line":19,"column":19}},"18":{"start":{"line":22,"column":2},"end":{"line":22,"column":17}},"19":{"start":{"line":25,"column":0},"end":{"line":25,"column":25}}},"fnMap":{"0":{"name":"(anonymous_0)","decl":{"start":{"line":6,"column":16},"end":{"line":6,"column":17}},"loc":{"start":{"line":6,"column":22},"end":{"line":23,"column":1}},"line":6},"1":{"name":"(anonymous_1)","decl":{"start":{"line":7,"column":30},"end":{"line":7,"column":31}},"loc":{"start":{"line":7,"column":51},"end":{"line":21,"column":3}},"line":7},"2":{"name":"(anonymous_2)","decl":{"start":{"line":9,"column":20},"end":{"line":9,"column":21}},"loc":{"start":{"line":9,"column":26},"end":{"line":9,"column":62}},"line":9},"3":{"name":"(anonymous_3)","decl":{"start":{"line":10,"column":19},"end":{"line":10,"column":20}},"loc":{"start":{"line":10,"column":30},"end":{"line":10,"column":50}},"line":10},"4":{"name":"(anonymous_4)","decl":{"start":{"line":11,"column":46},"end":{"line":11,"column":47}},"loc":{"start":{"line":11,"column":52},"end":{"line":20,"column":5}},"line":11}},"branchMap":{},"s":{"0":1,"1":1,"2":1,"3":1,"4":1,"5":1,"6":1,"7":1,"8":1,"9":1,"10":0,"11":1,"12":1,"13":1,"14":1,"15":1,"16":1,"17":1,"18":1,"19":1},"f":{"0":1,"1":1,"2":1,"3":0,"4":1},"b":{},"_coverageSchema":"1a1c01bbd47fc00a2c39e90264f33305004495a9","hash":"04984a6f65d730db837634112781749d224dd1a1"}
,"/Users/menachi/Documents/web_class/SA_2023B/controllers/student_controller.js": {"path":"/Users/menachi/Documents/web_class/SA_2023B/controllers/student_controller.js","statementMap":{"0":{"start":{"line":1,"column":16},"end":{"line":1,"column":50}},"1":{"start":{"line":3,"column":23},"end":{"line":16,"column":1}},"2":{"start":{"line":4,"column":2},"end":{"line":4,"column":32}},"3":{"start":{"line":5,"column":2},"end":{"line":15,"column":3}},"4":{"start":{"line":6,"column":19},"end":{"line":6,"column":21}},"5":{"start":{"line":7,"column":4},"end":{"line":11,"column":5}},"6":{"start":{"line":8,"column":6},"end":{"line":8,"column":62}},"7":{"start":{"line":10,"column":6},"end":{"line":10,"column":38}},"8":{"start":{"line":12,"column":4},"end":{"line":12,"column":23}},"9":{"start":{"line":14,"column":4},"end":{"line":14,"column":51}},"10":{"start":{"line":18,"column":23},"end":{"line":26,"column":1}},"11":{"start":{"line":19,"column":2},"end":{"line":19,"column":49}},"12":{"start":{"line":20,"column":2},"end":{"line":25,"column":3}},"13":{"start":{"line":21,"column":20},"end":{"line":21,"column":57}},"14":{"start":{"line":22,"column":4},"end":{"line":22,"column":22}},"15":{"start":{"line":24,"column":4},"end":{"line":24,"column":51}},"16":{"start":{"line":28,"column":20},"end":{"line":38,"column":1}},"17":{"start":{"line":29,"column":2},"end":{"line":29,"column":41}},"18":{"start":{"line":30,"column":18},"end":{"line":30,"column":39}},"19":{"start":{"line":31,"column":2},"end":{"line":37,"column":3}},"20":{"start":{"line":32,"column":4},"end":{"line":32,"column":25}},"21":{"start":{"line":33,"column":4},"end":{"line":33,"column":31}},"22":{"start":{"line":35,"column":4},"end":{"line":35,"column":21}},"23":{"start":{"line":36,"column":4},"end":{"line":36,"column":49}},"24":{"start":{"line":40,"column":23},"end":{"line":42,"column":1}},"25":{"start":{"line":41,"column":2},"end":{"line":41,"column":50}},"26":{"start":{"line":44,"column":26},"end":{"line":46,"column":1}},"27":{"start":{"line":45,"column":2},"end":{"line":45,"column":53}},"28":{"start":{"line":51,"column":0},"end":{"line":57,"column":2}}},"fnMap":{"0":{"name":"(anonymous_0)","decl":{"start":{"line":3,"column":23},"end":{"line":3,"column":24}},"loc":{"start":{"line":3,"column":43},"end":{"line":16,"column":1}},"line":3},"1":{"name":"(anonymous_1)","decl":{"start":{"line":18,"column":23},"end":{"line":18,"column":24}},"loc":{"start":{"line":18,"column":43},"end":{"line":26,"column":1}},"line":18},"2":{"name":"(anonymous_2)","decl":{"start":{"line":28,"column":20},"end":{"line":28,"column":21}},"loc":{"start":{"line":28,"column":40},"end":{"line":38,"column":1}},"line":28},"3":{"name":"(anonymous_3)","decl":{"start":{"line":40,"column":23},"end":{"line":40,"column":24}},"loc":{"start":{"line":40,"column":37},"end":{"line":42,"column":1}},"line":40},"4":{"name":"(anonymous_4)","decl":{"start":{"line":44,"column":26},"end":{"line":44,"column":27}},"loc":{"start":{"line":44,"column":40},"end":{"line":46,"column":1}},"line":44}},"branchMap":{"0":{"loc":{"start":{"line":7,"column":4},"end":{"line":11,"column":5}},"type":"if","locations":[{"start":{"line":7,"column":4},"end":{"line":11,"column":5}},{"start":{"line":9,"column":11},"end":{"line":11,"column":5}}],"line":7}},"s":{"0":1,"1":1,"2":2,"3":2,"4":2,"5":2,"6":0,"7":2,"8":2,"9":0,"10":1,"11":0,"12":0,"13":0,"14":0,"15":0,"16":1,"17":2,"18":2,"19":2,"20":2,"21":1,"22":1,"23":1,"24":1,"25":0,"26":1,"27":0,"28":1},"f":{"0":2,"1":0,"2":2,"3":0,"4":0},"b":{"0":[0,2]},"_coverageSchema":"1a1c01bbd47fc00a2c39e90264f33305004495a9","hash":"af2cc8c5675470540cfb5f0d5d2f0982de66f2b2"}
,"/Users/menachi/Documents/web_class/SA_2023B/models/student_model.js": {"path":"/Users/menachi/Documents/web_class/SA_2023B/models/student_model.js","statementMap":{"0":{"start":{"line":1,"column":17},"end":{"line":1,"column":36}},"1":{"start":{"line":3,"column":22},"end":{"line":11,"column":2}},"2":{"start":{"line":13,"column":0},"end":{"line":13,"column":59}}},"fnMap":{},"branchMap":{},"s":{"0":1,"1":1,"2":1},"f":{},"b":{},"_coverageSchema":"1a1c01bbd47fc00a2c39e90264f33305004495a9","hash":"2cd34a56e651f5c50983511de5a16ea9c5e1a5f7"}
,"/Users/menachi/Documents/web_class/SA_2023B/routes/student_route.js": {"path":"/Users/menachi/Documents/web_class/SA_2023B/routes/student_route.js","statementMap":{"0":{"start":{"line":1,"column":16},"end":{"line":1,"column":34}},"1":{"start":{"line":2,"column":15},"end":{"line":2,"column":31}},"2":{"start":{"line":3,"column":16},"end":{"line":3,"column":60}},"3":{"start":{"line":5,"column":0},"end":{"line":5,"column":40}},"4":{"start":{"line":7,"column":0},"end":{"line":7,"column":43}},"5":{"start":{"line":9,"column":0},"end":{"line":9,"column":38}},"6":{"start":{"line":11,"column":0},"end":{"line":11,"column":43}},"7":{"start":{"line":13,"column":0},"end":{"line":13,"column":49}},"8":{"start":{"line":15,"column":0},"end":{"line":15,"column":24}}},"fnMap":{},"branchMap":{},"s":{"0":1,"1":1,"2":1,"3":1,"4":1,"5":1,"6":1,"7":1,"8":1},"f":{},"b":{},"_coverageSchema":"1a1c01bbd47fc00a2c39e90264f33305004495a9","hash":"43db029294127ac0dc7f064b87b6ab781159aed9"}
}
